<?xml version="1.0" encoding="UTF-8"?>
<testsuite xmlns:xsi="http://www.w3.org/2001/XMLSchema-instance" xsi:noNamespaceSchemaLocation="https://maven.apache.org/surefire/maven-surefire-plugin/xsd/surefire-test-report.xsd" name="com.group02.AppTest" time="0.031" tests="1" errors="0" skipped="0" failures="0">
  <properties>
    <property name="java.specification.version" value="21"/>
    <property name="sun.jnu.encoding" value="UTF-8"/>
    <property name="java.class.path" value="/Users/dejauhnaebeadle/School/software-development/final-project/code/employee-management-system/employee-management-system/target/test-classes:/Users/dejauhnaebeadle/School/software-development/final-project/code/employee-management-system/employee-management-system/target/classes:/Users/dejauhnaebeadle/.m2/repository/com/mysql/mysql-connector-j/8.0.33/mysql-connector-j-8.0.33.jar:/Users/dejauhnaebeadle/.m2/repository/com/google/protobuf/protobuf-java/3.21.9/protobuf-java-3.21.9.jar:/Users/dejauhnaebeadle/.m2/repository/com/zaxxer/HikariCP/5.0.1/HikariCP-5.0.1.jar:/Users/dejauhnaebeadle/.m2/repository/org/slf4j/slf4j-api/2.0.0-alpha1/slf4j-api-2.0.0-alpha1.jar:/Users/dejauhnaebeadle/.m2/repository/org/flywaydb/flyway-core/9.21.1/flyway-core-9.21.1.jar:/Users/dejauhnaebeadle/.m2/repository/com/fasterxml/jackson/dataformat/jackson-dataformat-toml/2.14.0/jackson-dataformat-toml-2.14.0.jar:/Users/dejauhnaebeadle/.m2/repository/com/fasterxml/jackson/core/jackson-databind/2.14.0/jackson-databind-2.14.0.jar:/Users/dejauhnaebeadle/.m2/repository/com/fasterxml/jackson/core/jackson-annotations/2.14.0/jackson-annotations-2.14.0.jar:/Users/dejauhnaebeadle/.m2/repository/com/fasterxml/jackson/core/jackson-core/2.14.0/jackson-core-2.14.0.jar:/Users/dejauhnaebeadle/.m2/repository/com/google/code/gson/gson/2.10.1/gson-2.10.1.jar:/Users/dejauhnaebeadle/.m2/repository/org/flywaydb/flyway-mysql/9.21.1/flyway-mysql-9.21.1.jar:/Users/dejauhnaebeadle/.m2/repository/junit/junit/4.11/junit-4.11.jar:/Users/dejauhnaebeadle/.m2/repository/org/hamcrest/hamcrest-core/1.3/hamcrest-core-1.3.jar:"/>
    <property name="java.vm.vendor" value="Oracle Corporation"/>
    <property name="sun.arch.data.model" value="64"/>
    <property name="java.vendor.url" value="https://java.oracle.com/"/>
    <property name="os.name" value="Mac OS X"/>
    <property name="java.vm.specification.version" value="21"/>
    <property name="sun.java.launcher" value="SUN_STANDARD"/>
    <property name="user.country" value="US"/>
    <property name="sun.boot.library.path" value="/Library/Java/JavaVirtualMachines/jdk-21.jdk/Contents/Home/lib"/>
    <property name="sun.java.command" value="/Users/dejauhnaebeadle/School/software-development/final-project/code/employee-management-system/employee-management-system/target/surefire/surefirebooter1849336382071689798.jar /Users/dejauhnaebeadle/School/software-development/final-project/code/employee-management-system/employee-management-system/target/surefire 2025-04-27T04-54-53_391-jvmRun1 surefire4265998755212935837tmp surefire_08370088373775379818tmp"/>
    <property name="http.nonProxyHosts" value="local|*.local|169.254/16|*.169.254/16"/>
    <property name="jdk.debug" value="release"/>
    <property name="surefire.test.class.path" value="/Users/dejauhnaebeadle/School/software-development/final-project/code/employee-management-system/employee-management-system/target/test-classes:/Users/dejauhnaebeadle/School/software-development/final-project/code/employee-management-system/employee-management-system/target/classes:/Users/dejauhnaebeadle/.m2/repository/com/mysql/mysql-connector-j/8.0.33/mysql-connector-j-8.0.33.jar:/Users/dejauhnaebeadle/.m2/repository/com/google/protobuf/protobuf-java/3.21.9/protobuf-java-3.21.9.jar:/Users/dejauhnaebeadle/.m2/repository/com/zaxxer/HikariCP/5.0.1/HikariCP-5.0.1.jar:/Users/dejauhnaebeadle/.m2/repository/org/slf4j/slf4j-api/2.0.0-alpha1/slf4j-api-2.0.0-alpha1.jar:/Users/dejauhnaebeadle/.m2/repository/org/flywaydb/flyway-core/9.21.1/flyway-core-9.21.1.jar:/Users/dejauhnaebeadle/.m2/repository/com/fasterxml/jackson/dataformat/jackson-dataformat-toml/2.14.0/jackson-dataformat-toml-2.14.0.jar:/Users/dejauhnaebeadle/.m2/repository/com/fasterxml/jackson/core/jackson-databind/2.14.0/jackson-databind-2.14.0.jar:/Users/dejauhnaebeadle/.m2/repository/com/fasterxml/jackson/core/jackson-annotations/2.14.0/jackson-annotations-2.14.0.jar:/Users/dejauhnaebeadle/.m2/repository/com/fasterxml/jackson/core/jackson-core/2.14.0/jackson-core-2.14.0.jar:/Users/dejauhnaebeadle/.m2/repository/com/google/code/gson/gson/2.10.1/gson-2.10.1.jar:/Users/dejauhnaebeadle/.m2/repository/org/flywaydb/flyway-mysql/9.21.1/flyway-mysql-9.21.1.jar:/Users/dejauhnaebeadle/.m2/repository/junit/junit/4.11/junit-4.11.jar:/Users/dejauhnaebeadle/.m2/repository/org/hamcrest/hamcrest-core/1.3/hamcrest-core-1.3.jar:"/>
    <property name="sun.cpu.endian" value="little"/>
    <property name="user.home" value="/Users/dejauhnaebeadle"/>
    <property name="user.language" value="en"/>
    <property name="java.specification.vendor" value="Oracle Corporation"/>
    <property name="java.version.date" value="2023-10-17"/>
    <property name="java.home" value="/Library/Java/JavaVirtualMachines/jdk-21.jdk/Contents/Home"/>
    <property name="file.separator" value="/"/>
    <property name="basedir" value="/Users/dejauhnaebeadle/School/software-development/final-project/code/employee-management-system/employee-management-system"/>
    <property name="java.vm.compressedOopsMode" value="Zero based"/>
    <property name="line.separator" value="&#10;"/>
    <property name="java.vm.specification.vendor" value="Oracle Corporation"/>
    <property name="java.specification.name" value="Java Platform API Specification"/>
    <property name="apple.awt.application.name" value="ForkedBooter"/>
    <property name="surefire.real.class.path" value="/Users/dejauhnaebeadle/School/software-development/final-project/code/employee-management-system/employee-management-system/target/surefire/surefirebooter1849336382071689798.jar"/>
    <property name="sun.management.compiler" value="HotSpot 64-Bit Tiered Compilers"/>
    <property name="ftp.nonProxyHosts" value="local|*.local|169.254/16|*.169.254/16"/>
    <property name="java.runtime.version" value="21.0.1+12-LTS-29"/>
    <property name="user.name" value="dejauhnaebeadle"/>
    <property name="stdout.encoding" value="UTF-8"/>
    <property name="path.separator" value=":"/>
    <property name="os.version" value="15.3.2"/>
    <property name="java.runtime.name" value="Java(TM) SE Runtime Environment"/>
    <property name="file.encoding" value="UTF-8"/>
    <property name="java.vm.name" value="Java HotSpot(TM) 64-Bit Server VM"/>
    <property name="localRepository" value="/Users/dejauhnaebeadle/.m2/repository"/>
    <property name="java.vendor.url.bug" value="https://bugreport.java.com/bugreport/"/>
    <property name="java.io.tmpdir" value="/var/folders/m6/zbbxhvhs6_74cgjttg1f84gw0000gn/T/"/>
    <property name="java.version" value="21.0.1"/>
    <property name="user.dir" value="/Users/dejauhnaebeadle/School/software-development/final-project/code/employee-management-system/employee-management-system"/>
    <property name="os.arch" value="x86_64"/>
    <property name="java.vm.specification.name" value="Java Virtual Machine Specification"/>
    <property name="native.encoding" value="UTF-8"/>
    <property name="java.library.path" value="/Users/dejauhnaebeadle/Library/Java/Extensions:/Library/Java/Extensions:/Network/Library/Java/Extensions:/System/Library/Java/Extensions:/usr/lib/java:."/>
    <property name="java.vm.info" value="mixed mode, sharing"/>
    <property name="stderr.encoding" value="UTF-8"/>
    <property name="java.vendor" value="Oracle Corporation"/>
    <property name="java.vm.version" value="21.0.1+12-LTS-29"/>
    <property name="sun.io.unicode.encoding" value="UnicodeBig"/>
    <property name="socksNonProxyHosts" value="local|*.local|169.254/16|*.169.254/16"/>
    <property name="java.class.version" value="65.0"/>
  </properties>
  <testcase name="shouldAnswerWithTrue" classname="com.group02.AppTest" time="0.003"/>
</testsuite>